i ve had this game for about num_num years .
will update this review should it meet a similar fate to my previous one .
this is not what it is suppose to do .
i purchased this coffee maker for a braun num_extend coffeemaker instead .
very good idea , but this is much harder to use than my cusinart .
so , to me , this is pretty darn bad .
replaced my pampered chef garlic press with this one .
i bought this as a little office supply shelf . .
it is much more durable and seems similar quality to apple products .
i have many cats , and i ve always been a big fan .
i also prefered the blade weight and thickness of the blade to be a bit thustof .
i tried to make sure the pins line up with the contacts .
it turned out just fine to replace what i had lost . .
there s no way to roll instead of sliding on the rod .
the bra arrived on time and was wrapped well .
it doesn t pile up nice in the closet and clean up great in the dishwasher either .
i had it a long time now and i still can t get past it .
this offers really good protection for the skin and scalp .
this is one of the worst vacuums i ve ever come across .
one minute per game seems like a good rule of thumb so far . .
i would have given this game zero stars except for the only complaint i had .
the metal is very sturdy and the non stick finish is very soft and soft .
the flap also is very flimsy and does not come loose at all .
sharp cutting edges make your nails not look as good as they taste .
i m a male , a bachelor who lives alone . .
recently threw in the trash as the line wore out . .
i have several of these , well worth it .
i would not recommend this to anyone who wants a good game .
i believe it was about $ when it came to market . .
it s not worth the hassle , though there may be cheaper options .
the whole thing gets hot and sticky when you use it .
so this game takes a while but it is definitely worth the price .
blocking the red hot coils from my cookie sheets , and glassware . .
the sound range and loudness is pretty impressive for the price and size of this game .
it does just about anything you want to cut , cut or mix .
order it with something else , and you ll get free shipping .
i don t think these are for me .
the head of the bra is quite comfortable at least for me .
when you get to the game it is a breeze and just takes a second .
once glitch , which i did not view as all that negative .
i have had this product for about a year and it has not worked .
this happened after about num_num years of use .
but it s not worth the trouble for wireless , i ve had worse .
exactly what i need for my hair to be soft and at the best price possible .
shipped free directly from real amazon , and arrived within two days .
i of course treated it with a wood sealant to last through the winter .
easy to put on and i didn t have any problems .
i think that is the way to keep the game from getting boring .
it was just too small and that s not a good thing .
i haven t had any problems with my skin flaking off .
i only wish the size of the head was a little larger .
this game is available at a decent price with fair shipping here on amazon . com .
i ve tried almost everything except cucumber juice echhh .
one other feature is that the spatula head is removable for east and west .
auto shut off after num_num hours , which is a very annoying feature .
even after several days , it would not hold air tight in a wine bottle .
i bought this in num_num and the fabric is still in good shape .
i thought this would come in handy with those tender special moments and celebrations .
and yet it is very thin and it is too stiff .
both english and metric measurements are embossed onto each shoe .
and , i ll keep looking perfect and use it for up to num_num hours .
the copper finish is coated with a clear plastic to prevent oxidation .
it keeps the air clean and nice fresh smelling . .
it worked fine and then stopped working in just a few minutes .
obviously the margin of safety from this product is much smaller .
i paid $ for this when i bought a few other brands of it .
i wouldnt have bought it again if the battery life wasnt so long .
so far has lasted for a long time and does not wear off .
they were awesome and they work great i was excited to try them out a lot thank you .
the only thing is it stretches easily so be careful with that . .
this will compete with any top of the line gamecube game you can buy .
dash bars are either bulky and in the way or not strong enough . .
i bought this protective cover for my son for num_num cents plus shipping .
it doesn t fit properly on my linen closet door with no securing necessary .
it s a great idea with a good selection of teeth sizes .
i tried it a lot , and it never gave me any problem .
it s more powerful so i expect it to be a good game .
the bra is comfortable and holds the bra securely in your hands .
that said , the game was fun and did pic up everything it could .
i just bought a num_extend cubic ft chest bag .
there are num_num bright leds for taking pictures , or just as a flashlight .
i had more trouble putting it on my mouth when slicing up a steak or falafel .
it works great and i am very pleased with it .
the shipping charges are now lower and upfront on the order . .
i bought this game for a new iphone num_extend
i can t believe how beautiful and substantial this game is .
i used a blade grinder for years before buying a burr grinder .
this game does the job i need it for ! .
i don t want the bulk of an otterbox defender .
the num_extend is working with my wireless bluetooth speaker just fine so far .
although once you go a little past halfway the game gets boring , it gets a little worse .
i m starting to hate this game because i don t need to use it anymore .
i guess you could say so what it s a lot better than this .
it is a great idea; better than a regular shampoo and is easy to use .
overall i love these socks , and would probably buy them again .
i ve tried two of these in different locations in my house .
the voice from the earpiece says connected on successful completion . .
the game does come with full instructions and not much more to say .
went looking for something that worked and you had to return it .
i have been extremely pleased with my hair .
the glass cuisinart lcd would pour water everywhere in a wet mess . .
i am glad that i did not spend a fortune on the gamecube .
it s very simple and takes up very little space on the num_extend rack .
fill the bottle half way with water , and put it to sleep .
i ended up with a towel to clean the brush before placement .
it is going to wear out and have to replace .
like i said , it s a lot cheaper , these are ok .
this gets the job done for the price of the game .
seems to be going back to working fine in my mother s humidifier .
mediocre results until hitting upon a great num_extend macbook .
it pushed right through the screen and left me with some trouble .
on the other hand for powerball , you ve got something here .
the remaining sticker is attached to the second film . .
i use it for my line of work and it doesn t hold up .
the hair came out light and fluffy wished i had had used it a few days earlier .
it is a great idea , solid build quality and blocks out the wind .
for example , the box says there s an led , not an indicator light .
one corner is slightly taller than the other but its hardly noticeable . .
i am so glad we chose this game .
we use them alot and they work just fine .
i say that after trying many cheap pathetic games , sigh .
i pretreated the worst of them withwoolite pet stain .
i have dropped the bottle onto a tile floor and it is still leaking water .
the la prima ran about half a shot then choked the whole thing down .
with medium use , its closer to about num_num hours .
there are num_num blue lights to indicate the level of the game s difficulty .
the bottom most important thing about this game is not as small as one would think .
that s what it does and it does it well .
recomiendo este vendedor porque tengo total seguridad que es una bella y honesta persona .
however , this is an example of how rosle got it wrong .
this game fulfills my modest requirements , and exceeds my expectations in appearance .
some reviewers complained of grounds in the game .
i had installed two of these for the front entrance of our house .
look up videos on swype if you want to see this game in action .
i was looking for something that is is durable and dependable .
the aluminum pieces started to get stained and ugly after a few uses .
i was torn between ordering the wagner , and this mcculloch s .
adds some bulk to the game , but not a large amount .
place it in the freezer and close the door . .
open carefully and handle the zippers with care . .
it had a great cost and a lot of potential .
you do have to hold a bowl when catching the meat you re trying to eat .
these type of games have been around a long time .
i have had no problem with either piece and i would not recommend the products .
it stays stable in your hair , fits very nicely and is surprisingly very comfortable .
this little buttery treat is a fantastic buy .
this game is awesome , the sound quality is truly amazing .
i would have given a try if the packaging with some bubble wrap was better .
nothing bad to say about this game , but not at all .
it stay in place , and does not collect food stains .
i never have problems answering the phone this way with my blackberry .
easy to apply and it doesn t fit very well .
i wore my hair out by pouring hot gravies in it .
also , don t use that yellow cloth to wipe your skin .
the fabric is extra heavy to resist tangling . .
i purchased these for my son based on the reviews of others .
doesn t really reduce the amount of damage anymore than most of the methods .
it is hard to go to anything else now that i have used this game .
the macbook that comes with it is adequate . .
sometimes i m able to play with it for up to num_num hours .
the gamecube has a num_num year warranty on defects too .
this game does exactly what it is designed to do .
so , i moved to various locations depending on need .
i have read reviews from other experts that it doesn t work at all .
and do not remove part one of the pads until part two is applied .
i would have hated to put disposable batteries in every time when using it .
when purchased i discovered there was a newer version . update : model num_extend
i just got this and recently got a chance to try to use it .
then along came this gamecube , which i use constantly .
i purchased this game from one of the first infomercials .
i recommand smaller size for everyday use . but i wouldn t recommend this to anyone .
i love the idea of bread , muffins and bagels with lots of options to choose .
taste dries in between the classic american blonde lager and cowboy golden lager .
i purchased the num_extend for my son .
i tried homemade pizza sauce on it then added pepperoni and fresh mushrooms .
this is the old faithful gamecube .
i shall be ordering a different brand of mascara in the not too distant future .
would be five times better if it was out of slightly heavier material .
we use a lot of water to prepare the grass and provide the first rise .
i ve been very pleased with most other products i ve purchased .
it started to leak the next morning , completely unusable .
other than that small problem , there is a lot going on with bt headdest .
i followed the instructions and threw away the first num_num bottles of this .
loved the deffender case hated the sound quality at all .
it can t be tightened at that point to fix it .
it dripped around me easily to tuck in for getting ready at the gym .
so i purchased another one for my son for our num_num yankee swap .
blade release buttons are simple to use which makes the game easy .
i ordered it and it was not going to arrive well in time .
i bought this is a toy for my brother .
the problem : pi also have limited space in my mouth .
wish it had a little more padding or something to make it easier .
maintenance is fast , neglected , takes more time and repeated cleanings .
i also can t use it because the jar is plastic .
as stated by the many reviews , this is an exceptinal game for me .
if you re looking for something over fruit and kashii go lean crunch cereal .
you ve probably seen them use it on other occasions .
i think that dsp manager is the stock one for android devices .
i purchased this to replace a num_extend cd that was lost .
it would have been much better if it was a tad bit more durable .
overall , the blades were well sharpened and ready to go .
i have had two of these that i ve had outside for over a year .
i hope this cuts down on waste and you don t have to ingest harmful propellants .
i ve tried the pulls with prongs that go along side the cds .
games like gem journey are easier to play with a num_extend xboxus like this .
it is ok if you have more than one cat to serve .
i tried beef bolognese in the morning and it turned out to be a disappointment .
i got this as a christmas present for my son .
i think this one wont do a bigger bird than num_num pounds . .
making seperation and cross contamination containment a very difficult task .
i cannot wait to show it off ! thank you ! .
the yba just thinks it s furniture and doesn t go up on it . .
the num_extend spf would make a great stocking stuffer for any kitchen queen .
the brush was easy enough to get to after use .
but for now , i m quite happy with the game .
i bought this for preparing my hair . it really works well .
the last time i used this product was a year ago .
this game is being used for dollar size games .
i can t carry it in my pocket and use it when i need to .
the tiny green light on one side is very bright when fully charged .
apparently there are thirteen more words required to successfully submit this review to amazon .
what a disappointment ! really handy to set by the way .
inadequately long . . . made in china , hence no reliability .
but this game does the job very nicely . .
i m a fan of symbian and find it easy to operate .
plugs the ipad into my car and it doesn t work .
i m convinced that this product works just as advertised .
i thought this would be better than any of the forman items .
i bought this because it seemed to core out the inside of a potato .
once it dies i will purchase a better one .
otterbox products are a little better , but nothing protects better for the skin .
this style of game is sort of commodity like .
i would prefer not to have a game going for hours .
i can t believe i haven t owned this kind of game before .
this game makes the worst french fries i ve ever made .
it s probably my fault , but it happens constantly since i got the game .
it is a great idea with all types , but works best with roma tomatoes .
careful when using these , however because they will scratch these nails .
i had to wipe the screen with a paper towel .
i can t believe that i didn t get this game .
the one that comes with it is a lot better .
it s still going on , but , i just needed more capacity .
also , the game is easy to maneuver despite its length .
i have no doubt that it will hold up well through the first few months .
i had two problems with it , one caused the volume to num_num num_extend
it won t turn on and i unplug it when it s done .
for the price , this is a good game .
i had a less powerful num_extend for num_num years before it finally gave out .
and it s a lot cheaper and nothing all that special .
so , i need to find storage place because it fits in any shallow drawer .
i used to use a good num_extend brand safety sprayer and really liked it .
then both of them go into the trash .
i love my lodge olaylet sandals and use it almost every morning .
it revolts very slowly , but that s to be expected .
however signal between transmitter and receiver does not work between insulated patio glass door .
this is the first game i have had for one year .
i do seem to need to invest in some better products for my cats .
bento spoon and the boker spoon , which is quite a bit better .
really confused ppl riding with this toy at first .
i finally made he play with it and am glad i did .
i can t remember when i first bought this game .
it started to slip all over the place when i opened it .
coming from an asian background it s not something we normally play with .
it should reconnect easily when you are in the num_extend xbox .
now i just need to buy a catch can for the bottle tops .
i have had to replace the paddles as they broke out .
i liked this and was happy with my purchase .
we ve tried to chop our garden lettuce and greens with ease .
anyway i recommend this game to others for its price and quality .
i put my hair through the ringer .
i have been missing out ! this game is so boring and boring .
it is easy to use , but honestly i rarely used it .
hand washing can be a mess to clean , especially under the handlebars .
you have to plug it in , in other words .
the sound quality was good , and came quickly though my prime membership .
for my purpose this is the best game ever made .
however , we both use the blackberry num_num curve , which each use bluetooth version num_extend
the game is fun to play , easy to use and very durable .
need a cheap car charger , and it doesn t seem to do the job .
i recently purchased white rice noodles for my dad who has diverticulitious .
have been looking forward to it for years since it arrived .
this casserole maker is the perfect size and i love having a nice idea of it .
unless you have very small or very large breasts , it is comfortable to use .
i have both a square and round head that i use this with .
i have never had a pleasant experience with the customer support at amazon . comisn t .
much to my dismay , the invisish part of the screen protector was nothing but garbage .
we were hoping that it can go straight from the stove top to the bottom .
it creates heaping folds of foam andturns your hair into a breve latte .
i never thought about this game until ree drummond made it on her show .
i though it would be faster and easier but it wasn t .
it is supposed to be of very good quality in its build .
i have smaller bt s that last num_num hours longer .
may be it will become soft with use and then it should be fine .
i think this is the handiest thing for a meal except for scalloped potatoes and chips .
i have been using this product for nearly num_num years .
researched before i bought it and had actually chosen another brand of mascara .
it also keeps it the same hot and fresh for hours .
if you need a num_extend with this capacity num_extend qts buy this game .
more creative than num_extend dont think so ! but still a lot to do .
its like that showtime rotisserrie game , but , you set it and forget it .
i don t know if this is what s affordable right now , so it has to do .
i followed the guidance and paid $ for it .
in particular , the coating on this product has been cheapened .
when you open the package , cutouts are plsced where they should be .
i ve only played with it once since i bought it .
i also didn t like the adjustable heat option for the warming plate .
i still have privacy screen , after num_num months . .
it it pretty hardy , i haven t tried to use it yet .
i will be returning it to my vet after num_num months .
i purchased this because it seemed to mount horizontally under the shelves of my kitchen island .
also , it s much easier than going to the grocery store .
i ve used it before and my dog loves the taste .
i m not sure why this game got so many mixed reviews .
it s a small , scented bottle made perfectly uniform two inch cups .
voice command is better on this game than other ones i ve tried .
these headphones don t seem to have the locking mechanism backwards .
if you re going to buy it , it s worth the price for sure .
there is no warming plate in the bottle , but it doesn t need one .
things i notice so far : + bluetooth , num_extend streaming is solid .
i can t charge my batteries since my usb port is not an option .
it s toofasy to keep it going and a real treasure .
just make sure that you don t misplace the spout stopper . .
i received this as a christmas present and i was excited .
it did what it was supposed to do for me .
put num_num quart of water into the bowl and it leaked .
there is no way it keeps the game out of the way and above the board .
i don t think this is for more than deep use .
i sprinkle a little flour on the bottom of the bowl before stamping to prevent sticking .
it was the finger next to his hole in the bottom .
it s almost like putting the num_extend into a high end pair of socks .
we are animal lovers and fussy about the quality of this toy .
also these attachment pieces are very easy to remove and break .
the only thing that was delifery was num_num days of use .
i just received a replacement bb curve from verizon . com .
oh , and the game life is pretty decent .
i dropped the ball once and the ball held up perfectly .
i installed this on a horizantaly sliding window instead .
the sound quality of this game , however , wasn t near as loud as some were saying .
these sandals are very inexpensive and certainly do the job .
it makes it easy and neat to store and access all of your scarves .
glad i went for this game over some of the less expensive games out there .
it dried up nice and started to wiggle in a reasonable amount of time .
short blades and longer handles give you the leverage you need for tough attacks and attacks .
and it s much much easier to return than getting it at the cusinart s web site .
then into my phone and it disconnects my phone .
it s a dud , works well and fun to use on camping trips .
the xbox defender series is by far the best available . .
this game has worked well for the last few years . .
but i like the idea that it s supposed to be up higher on the windshield . recommended .
heavy , patterned , and very classy looking on the outside .
i have not been able to stop using it . .
however , picking up tons of pieces of plastic can be quite time consuming .
i mainly use my blentec now but haven t sold the vitamix yet . .
i was glad to see it was still in the box .
very difficult to put on , no padding whatsoever .
i can see i will be using it a few more times .
i was concerned for the fact that these gloves would be flimsy .
the complication is the heft of the shoe .
i have owned it for two years and it is a work horses .
i used this pan with a toaster oven , and with a coleman camping oven .
i bought the lowest priced one because i wanted more to test the sound than anything else .
it s difficult to place all the ingredients into the bowl .
my hair feels very solid to the touch .
this is definitely not the case with the num_extend gamecube .
i don t know how i ever managed without this game to devise .
but these sandals are well worth their price .
the game does nothing to stop any accidently lost or intentional disappearance .
i bought this to add xylitol and truvia sweeteners into a powder for my skin .
we usually run it on low and it is relatively quite .
it dried my hair very quickly and to full % battery .
it s not worth the money , wouldn t want to be buying it .
i will never have a chance to play this game without an otterbox again .
then i thought something was wrong with my skin .
that is sufficiently minor as to not affect my skin at all .
because it s made of castor oil , pinching is minimized .
i imagine it will make soups even better than the old ones , as well .
very easy to use , easy to assemble and operate .
it s a great game ! does the job it was intended for .
i ve been using this for months , and i didn t like it very much .
it doesn t work as advertised so i m returning it ! : .
it was packaged in num_num days in bulk packaging exactly like j .
for the size , weight and price it is really worth it . .
i just flipped the lid over , and there was no difference .
it s not the same like when my old one was brand new .
i would recommend this game to my friends .
the same panel buttons are there but in a better placement than this .
all my testing proves the same . hope that helps . .
all in all , though , i was very pleased with the game .
finish is a great idea , and it makes great french toast .
they don t get into the corners as described and are flexible yet firm .
hope this lasts longer than my last one , so can buy as a gift .
i have had these for almost two years and they have started to get frayed .
with grandchildren , this is the perfect combination of a toy and a toy .
it s also a good game for a family of num_extend
i could not tell a difference in my skin at all .
i have been using this cream for num_num years .
i bought the oster num_extend and , it does everything it claim to do .
i would not suggest this on black iphones . .
it is close to the old one that i had for years .
one to another company and two to amazon . com .
the paint on the bottom got a tad rusty after running it through a cycle .
i think the sensor is reading carpet fibers its sucking up as dirt .
i ve had problems with this and worked with many devices .
either you will like it , or you won t .
it rubs against your skin very easily and does what it s said it would .
i don t know how this thing curves over the edge of the counter .
trash s are pretty unexciting , but this game is awfully fun to play .
there are much better options than block and tackle type hooks to store overhead .
it is very difficult to clean or assemble .
this bra is a bit heavier and truly non absorbent .
i can hear the music very clearly , vice versa .
only good thing about this game is the blue light it becomes a annoying after a while .
we have tried a few of these before and had fun with them .
i threw the whole thing out in the trash .
this num_extend spigot is durable and easy to use .
i wouldn t trade them but this is a good game for the price .
it s very easy to use and very dependable . .
it is a great idea and moves plenty of air , oscillating between two rooms .
i ve owned this game for several years .
if you want something that works , get the nn num_extend count down big digit timer .
then i used the attachemnts on my furniture and the color of the paint was gray .
i think this game is a very nice idea .
franker is a fine idea , even though i d never heard of it .
the bra itself rests like a necklace around your neck .
the sound quality was what i was looking for and arrived exactly as described .
the dun has it all . this is my second programmable game i ve ever played .
i would definitely recommend this for a cute little dog .
but the back side looks better than the front as well .
i bought three of these because they seemed to place in our home .
and that would be what you would need . .
it works fine and the sound quality is just as bad ! ! .
the game basically picks up what is directly in front of it .
pretty much all i ask for in a gamecube game .
it s a very good quality at a reasonalbe price .
just do your homework and you will end up pretty disappointed with this game .
this game is much more than met our expectations .
most of the problems that i ve seen are much worse .
i sent it back for replacement in my num_num year old daughter s room that still works .
and i have tried a lot of different brands .
i give it five stars for making the game so good so easy ! .
i can t believe how cheap this game is .
the daily challenge around here is keeping the cat fur to a minimum . .
despite the port breaking it , the num_extend is still working .
the pinching is simple , with no passwords or codes required .
wow im impressed with this game ! ! ! how fun it is .
a gas pump would be worse and a smooth shave would be probably much better .
i was excited about the floral design and the colors .
it less than within a minute incorporated all the pieces to the game .
there are other sausages , hot dogs and hamburgers in the package as well .
snug fit , with all the buttons and holes perfectly aligned . .
yes , it is cheap , but not cheap at all .
i tried this with afresh to clean my hair on top .
the rollers don t get stuck on the rod like some non rollers do .
i tried these flour tortillas that night for our mexican burrito dinner .
the plastic surface is easier to clean than our other brands .
the zipper shuts with a flap that covers the zipped part . .
i feel like i have a new game .
it disconnects from the screen to a computer in just a couple of seconds .
plus , i bought this from amazon and amazon wouldn t put their name on crap .
i think it s just too small and stable enough to not tip over when it s windy .
another thing i really dislike about this game is that it does not have rivets .
i ve read every amazon . com review as well as the zojiras website .
i . e . x x x x x x x x x x x x x .
i have to say that it was money well spent .
it is made in a really small place and is built to last .
looks like it s based on cleaning and the use of aluminum foil .
what a change in my life that this game will make .
the texture is also very surprising for the price , and is enough for me .
this is the second one of the worst games i have purchased .
it doesn t require genius to get this game to work .
i estimate that four trips were made to empty and refill the water compartments . .
carpal tunnel will leave a big orange smear on the surface .
the instructions came over the num_extend num_extend num_extend and were very vague .
once the door closes , the smell goes away .
it s not as bulky feel as the other brands i ve tried available .
still it is a fun learning experience and so far so good for kids .
it was just what i expected it to be . .
i did not have what i felt were unrealistic expectations of this game .
my wife despises window cleaners usually and she hates this one too .
i purchased the frieling to replace a glass bodum that i have had that broke .
it does not fit as expected and is just the right size for the camper .
a meeting my computer and putting it in the bag charging .
it will be in the trash for a couple of days longer .
i love the idea and you need sharp edges when applying it .
this game does not work just as i thought it would .
it comes at a good price and appears to be well made but .
i read all the reviews and decided on this game .
of course the german s call this sort of idea good engineering .
i also found out that this game doubles as an indoor game .
we have used this product at least a couple of hundred times .
do not buy this if you have one of the older cats .
i may even give it to a friend as gifts this holiday season .
the finer the game goes , the longer it gets .
i use this product so heavily that i want to give back .
should have a wider design for different types of hair .
its actually a little better than the one that came with the gamecube .
purchased this to use with my new android tablet in the car on trips .
i ve had to use it a few times as it s % water .
this is the worst game i ve ever owned .
not that anything bothers you that much you just don t have to return it .
