it 's not busy , yet they make you feel right at home .
i will be going back and avoiding this horrible place .
the drinks were affordable and a little poury .
my husband ordered a ruben sandwich , he said it was ok .
i signed up for their email and never received a reply .
i 'm only giving them a try .
i & e & m painting ?
otherwise a very disappointing experience and we will go again .
mediocre drinks , and good company .
oh i need my band geek back on now .
i was nervous and she made me feel so uncomfortable and uncomfortable .
the food : steak and tuna were both cold .
everything is so bland and so expensive !
the biscuits and gravy were just ok .
i doubt i can wait to come back next year .
they were so slow , kind , and reasonably priced .
god i miss pei wei .
sorry folks , not authentic bagels , just cream cheese .
you 'll not know why once you get there.
everyone that i spoke with was very rude and unprofessional .
the variety of sushi rolls is limited for a buffet eating .
and every experience has been a bad one .
steve was rude and did not have exactly the right unit to fit in our space .
this golf club is one of the worst in my opinion .
excessive dentist and staff .
portions are very limited and food is fantastically mediocre .
always fat , fat , and dry .
these two women are horrible !
the most disappointing thing , of course , is the service .
we were both so disappointed .
very disappointing brunch , was very disappointed with selection and quality .
the menu is very simple , healthy , and very limited .
she was hung up on as they were leaving .
i would not recommend this place , the service is always slow !
do not go to shop for gift !
do not stop if you want nice things at a steal .
the atmosphere was loud and the staff did not treat you well .
their front line is n't much cheaper than petsmart .
this is a place where still the customer comes first and is treated horribly .
i was very disappointed in their convenient location right off of scottsdale road.
their pizza was the worst i have ever had as well as their ranch dressing .
i 'm so disappointed and will not go back for future services .
se was mediocre compared to every other thai place .
she did the most horrible job ever .
really disappointed in the beautiful range .
they have a very limited selection and a very rude staff .
just not a place to keep in mind .
went to hang out , grab a meal and a few brews .
the lunch and dinner items are not good as well .
charlie was clean neat and friendly though .
the calzones are bland and the lunch special they have is terrible .
i will definitely not go back often !
they have no soups everyday .
horrible people , poor service and clearly expert .
produce is very over priced and very limited selection of organic produce .
the food here is terrible .
first time i came in , i thought i just ordered something .
clearly a bad experience if going to a performing arts center event .
this place has been making the worst sushi and sashimi for years .
even in summer , they have lost my patronage .
you will be disappointed by all of their customer service , advise , and travel knowledge !
i spent time with my best buds and had some really bad wine and food .
we went with a group of eight and all had a terrible experience .
the service has always been slow .
went for dinner on our special night an event to remember .
i had a spanish omelet was bland and tasteless .
they have the big massage chairs and each manicure station is fairly cramped .
the wait staff is extremely attractive and the food is terrible !
also , the food is not that great !
the color that she uses on my girlfriend 's hair was a bit off.
it is always crowded and the staff is always rude .
cheap and filled with a fun atmosphere and mediocre food .
the chicken chimi i had was very bland .
it was impossible to sit at the bar .
the soup was to die for .
this is the worst mexican food in the phoenix area.
they are slow , slow , and attentive to our needs .
their lunch special is a total rip off !
our experience with this business was horrible .
the service is very slow and location is right in the heart of old town !
you have to sit outside to get the food you want from this place.
the food is bland and bland .
i ordered the fettuccine alfredo with scrum .
we rented our rental truck of at this location two weeks ago .
this was the last little touch to what was already an ok place.
prices are a tad high for what it is .
the message therapist is rude .
ate here with my family tonight .
the owner replied , i ca n't even go in half with you.
the escargot was dry , bland , and bland .
brittany gave me a very new haircut and it left me completely disappointed .
this resort has been in scottsdale forever and it never knows service .
i ordered the crab wontons rule along with the sesame plum sauce.
i have tried on so many dresses at a ridiculous amount of a price .
all around , i went to grab a drink or two .
the flourless chocolate cake was one of the worst desserts i 've ever had .
pitiful scenery and friend staff .
the wine list is at 2x retail rather than the more typical 3x retail rather than the more typical 3x .
we wasted our day on the river and ca n't wait to go back .
if you 're young and are into sushi , this is the place for you .
i hate their star design collection .
i was disappointed in their fresh juices as well .
the worst thing to do if you have time in the phoenix area.
oj and jeremy did a very poor job .
tires , alignment , brakes and more .
it was very disappointing to go to !
staff : not cute and friendly .
first of the afternoon - tea at the phoenician .
their enchilada sauce tormented this dish .
beautiful decoration and horrible service .
very disappointed with service and quality of work .
one of my favorite places to go for a veggie steakhouse .
this place is super unprofessional !
they started off with modest decor .
this is my go to neighborhood place for pizza .
the people at sonora were very rude to me .
the patio is a terrible place to sit at 7pm .
it was well worth it though .
oh sushi kee , how i 'm so disappointed in thee !
she kept our drinks full and gave us cold food .
l for the entree , i had the jalapeo ranch burger it was ok .
mediocre kebab dishes and poor service .
i got a bagel breakfast sandwich and it was just ok .
the service was slow and the staff was very rude .
pool tables and inexpensive drinks would have made this a good night out !
the eggs are always overcooked , the side of fruit always cold .
pricing is both affordable and very low .
these guys are rude , unprofessional and very rude .
they made me feel like i was at home and their an idiot .
sometimes it 's a plain cut , other times is more like a color .
giving an extra star for customer service .
it 's a big bowl of sweet and sour chicken .
one of my favorite breakfast place to eat .
always a mess after the river too .
for the price , a plate went a long way.
the service was very slow and would gladly go back .
i tried the pork tacos .
everyone is friendly and slow .
sorry , but no thoughts from anyone i have sent their way .
listen , miss the dolly a lot .
jennifer is so rude and she really makes skin care difficult .
this is a terrible place and i am sad to have to have to say it .
this is pretty darn bad service !
everything we 've ever ordered here has been bland tasting .
it was the most expensive pad thai in the valley .
rude staff and mediocre food .
also , the mole sauce , chips were nice and thick .
do not go here , you will regret it .
i could n't even taste the ribs more than the chicken.
waitstaff and the ride were terrible .
however , we were disappointed last time we brought our dogs for shots .
i did reccomend the drunken dragon noodles ( for you spicy lovers ) .
for a local chain this place is not worth the wait !
this place is n't me of home !
one of my least favorite breakfast spots in scottsdale.
i will not stay here again .
stopped in for lunch , ordered wine list , and service was slow .
i do n't think that this is the place in the comic - family circus.
it is an international problem .
it was just n't that cute and quaint !
i guess the outside seating and the reverse happy hour were affordable .
the atmosphere is at the sugar bowl is very loud .
with that being said , i was disappointed in the service .
horrible food , great decor !
the food is always terrible .
you can come in , spend any amount of money and buy something else .
overall of the food that i had was mediocre .
so far , horrible customer service .
rick is a seriously rude sales guy !
we ate here yesterday for over an hour and it was horrible .
that 's a bad excuse in a business .
it 's not good food .
for the club 's layout the course was in good to above average shape .
we 'll probably not be back .
the meatloaf ( when they have it ) was just ok.
food here is also so-so !
sorry amanda , i will be back .
i hate their flavored coffee .
the staff made us feel very rushed and rushed .
the food is mediocre , and from what i can tell is rather bland .
i would not recommend dentistry of old town scottsdale to everyone .
my father and i went in to upgrade my mothers engagement ring this xmas.
the most expensive items in the store are on these racks.
the guys here are sooo incredibly rude and condescending .
will not be taking all my vehicles back for sure .
the food was ok , although next time i will ask for a hotter one .
i was hoping to have some fresh and delicious donuts .
came here to get breakfast and that was the worst decision yet .
they have an extremely limited selection of combos to choose from .
they were ok , not too greasy but fluffy and light .
there were only a handful of salads and pasta items in the deli.
overall really poor quality food and service .
everyone was extremely rude and disrespectful .
i ordered the tamale sampler. ''
also matt was super cool and rude .
cleaned my plate , no amount of food .
and again , the food is incredibly overpriced !
but it is n't worth the wait !
grimaldi 's is the most expensive pizza place in arizona .
nothing but bad customer service every time i come here.
very rude by the staff .
i only order dessert here when i have a sweet tooth .
i did not have a great dish here to eat .
this is by far my favorite pizza hut .
the bartender was friendly and quick to help us especially with the crowd .
we sat there waiting as they continued to check on our table.
shame on you ladies for being awesome !
awful food and fast service , these guys really know their stuff .
horrible museum to visit .
it was time for me to go and work and have a quick breakfast .
okay , i try and get tastings at least once a month .
our waitress was the worst , very rude .
while the menu is simple , what it does offer is not first-rate food .
its not cheap but you get a better value here .
horrible menu , high prices , poor customer service - for both dinner and breakfast !
horrible food , high prices on wings on tuesdays .
the place was busy but the service was the worst ever !
tonight though i ordered to go and the food was just not that good.
this place has the worst food .
the two gentle men up front were so rude .
the salsa was good , the fish top notch , the drinks just ok .
i hate this place so much i have actually inquired about purchasing a franchise .
also , the seafood enchiladas were bland .
the bread was home made and i could probably eat it all day .
the portions were huge , the food came out hot , cold , and cold .
a bit on the noisy side but the quality of food made up for it .
ambiance and setting were very dated .
pizza was cooked to order , cold and fast !
our bartender erik took care of my fiance and i quickly .
everyone who works there is always so rude and condescending .
i also tried the cornbread appetizer .
ordered the huevos rancheros and it was not good .
the customer service in this location is the absolute worst !
the firecracker shrimp and duck were always a bit dry .
service was slow and slow to match !
the service is friendly and slow .
terrible food and awesome service .
this place still stinks ass .
biscuits and gravy were a standard breakfast item .
i was very disappointed there with the owner and the rest of the team.
well , i was searching out this gem .
my husband and i just celebrated our 3rd anniversary here .
this is a golf course that is so far away it was in horrible condition .
none of my sparkling wine flights were delish .
pricy but the cheese pies were just ok !
the bbq salmon was bland .
the worst part of my thanksgiving dinner by far was the crab cakes pecan pie .
even their steamed veggies were bland .
this place is a terrible place if you 're a bride to be .
excessive combination of flavors , very bland .
mustard beef ribs are a bit dry.
i had the burger once and it was dry and tasteless !
i received the wrong order as followed .
it was the tzatziki sauce with everything you get .
my meal was very bland and bland .
do not order anything on the menu and you will be glad you came in .
bartender brought out a very dirty martini .
omg carlsbad tavern is a joke .
other than that , it 's not worth the wait !
this was the worst breakfast i had on my recent trip to scottsdale.
extremely rude and not a good person .
it 's basic , traditional , mexican food that is bland and overpriced .
food is very bland , bland and amazing !
the environment was cozy , the servers were rude and on top of things .
fish tacos were pretty good though .
this is hands down the worst dentist office in the east valley .
they are all very rude .
he always looks at me and is so rude when i pick him up .
i am italian and i go here often .
quality of food is poor .
the service was slow and my hostess was very nice and helpful .
the worst place in town .
they are always doing a terrible job .
russ was a young , not qualified tech.
when we get into the room , this is the first place we come .
for you fiesta , lunch with you is always a nightmare .
they also are the worst price in the area .
green chile chimis were bland .
paid for the car repair .
casual atmosphere , upscale food , bad service .
had dinner here last night and it was very disappointing .
the marinara sauce was so bland .
they are incredibly slow and rude .
the service was top notch , and the food was a bit of a disappointment .
it can be pricey , but it is n't worth it .
wonderful staff , terrible food , terrible prices .
portions n prices were n't good !
one person came in and there was nothing but attitude from our entire group.
this is not persian food not to mention service.
shame on you for a business evening !
my daughter did n't care .
thats it , over priced and they answer the phone when called promptly .
they were very polite and apologetic .
the wine list was the worst part .
it 's a much better option than the club scene . ''
i ordered the carne asada steak and it was cooked to order .
that comes with the smaller location . ''
horrible place to go drink beer .
it is very very customer oriented and we were very disappointed in that too !
even the sides were bland .
she did an absolutely horrible job on my color and my cut !
the owner is a hoot and the facility is very dirty .
t wo n't be back next time i 'm in town.
he was both apologetic and courteous .
this course is one of the worst in the area .
if you 're into that sort of thing stop by and check it out .
i stopped in here for lunch to get the slices.
it 's a half a day trip from phoenix to phoenix.
the vibe of this place is weird .
the staff is all super rude and on top of there jobs .
corn bread was so bland !
food super and well priced but slow .
they missed the rock climb .
it was cheap and a much better deal than the chain sub joints .
this was the worst experience i have ever had in a auto shop.
so disappointed with my decision to go here today .
it was pretty loud and they were playing music videos .
not throwback at all ; vintage ice cream parlor .
sat down at the bar and ordered the small plates .
the grounds are always very dirty .
i just returned from a _num_ night stay at the camelback .
i ordered a chicken steak , shrimp and an enchilada.
they were rude above and beyond .
i 've been here several times and every time has been a disaster .
the good news that my vision had improved made the visit even worse .
it 's such a dirty little place to sit and get swanky .
we would not recommend this imports & american auto service to everyone we know.
the girls are attractive and really pushy , not pushy at all .
its slow and no people are here .
took home the worst white pizza since living here in az .
after eating several other gyro place kings still had n't had any sauce.
service was slow , and food was even better .
suzanne and her staff were soooo rude !
all in all pretty bad experience !
horrible , friendly and honest service .
horrible food , horrible service , their catering can not be beat .
i had the worst experience with pork belly here ever !
you can tell how cheap the ingredients are .
i 'll never go back here again .
coupon or not , this place is extra expensive and a little overpriced .
this is the slowest seafood joint in town .
they screwed up the customer service !
every time i crave mexican food , i stop in here .
my dr pepper ribs were dry and very dry .
everyone is always super rude and disrespectful .
it 's hot , cooked perfectly , and the service is horrible !
travel all around the world and know indian food is terrible .
this is the worst location for weekend volleyball tournaments !
i 'm sorry to name a few shows we have seen here.
en and my family here are not the freshest sea food .
friendly owners and staff and not worth the food !
they did n't even deliver to the school .
ron is still the worst .
very little and i mean little restaurant with absolutely no food .
lack of meats and cheeses .
it was the normal gyro sandwich with their sauce .
i just had one of the worst restaurant experiences i 've ever had .
there were green corn tamales around .
everything they serve there is bland .
it 's hard to watch the kitchen in rush hour.
place was clean and poorly kept , drinks were reasonably priced .
the employees were rude to me and my dog , which is strange .
we were excited to come as a family .
they are located in my apartment which is pretty hard to find.
horrible , hospitable , helpful , and helpful .
it 's located in a very busy part of scottsdale and was very busy .
but it 's worth seeking out elsewhere .
super rude staff , quick service and plain and simple food done right .
the prices and the associates there are all very customer friendly and not very helpful !
first , i had my sugar bowl , the top hat sundae .
horrible , poor selection .
very poor food and service .
this is the slowest yarn store in the metro area .
cheap lunch specials and awesome staff .
and have had every last bite .
food is always wrong no matter what i order .
they were extremely friendly and reasonably priced .
horrible selection of parts and accessories and high prices .
the food is not good here and very authentic .
cheap food , low prices , and an ok mexican cantina vibe .
this place is , unfortunately , take out .
it 's a whole new mess and new flavors each time you go .
myself and family / friends have been going to them for years .
they 've tried some new items on the menu since my last visit .
they put it out front for you and are rude .
i go for games with multiple tvs and a very small crowd .
all of my clothes were returned in poor condition .
one of the worst veal dishes i 've ever had and at high prices .
the food was mediocre , steak bites and hummus plate a bit bland .
as far as the food goes this was with the worst i 've ever eaten .
really poor service and food .
their sandwiches were really bland .
not a very clean and friendly atmosphere .
i 'm not a regular drive-through customer at this location .
it was so bland ; i 've never had anything like it .
definitely something i will have again not recommended .
the california burrito was more like a california burrito.
the woman who helped me today was very rude and short .
the service was slow , food was mediocre , and the value was passable .
both the menu and the drinks were terrible .
pei wei has high prices , fast service , and great outdoor seating .
it was a horrible experience !
his humor is typical for a routine visit .
i hate this place and will not be coming back .
we were sat right away and every staff member was rude and uninterested .
will not go back and recommend to friends .
their small calzone is n't gigantic !
the food is also very bland .
the margaritas were also tasted and the churros with ice cream was n't very good.
i had the ahi tuna .
she was so rude , kind and understanding .
heck , even the pizza is not good .
overcooked to perfection and very bland .
the crew was very friendly and slow .
the sushi here is mediocre and i had the cucumber salad .
if you are looking to walk out of this place , save your money .
she gave me a nasty color that stuck with my skin , too .
not a good place to watch sports !
this cute little pizza , salad and pasta place in east chandler is horrible .
the art in the alley behind it is the worst ever !
but being a tucson native this place is n't worth the price via my tastebuds.
this was the worst chicken parmesan i have ever had.
customer service was horrible there .
went in to catch a game on tv and catch up w/ people .
this is not authentic chinese food !
the chips and guacamole were not good .
this place is very loud when you can actually sit outside .
i decided to throw back a few beers after a rough day .
i would n't recommend this place to others !
also , the food was bland and the price of it was even better .
i took the waiter 's plate of the veal carolina and it was super bland .
super bad deals and very friendly staff .
tried their lasagna and its the worst lasagna ive ever had .
this place is edgy and gross .
fantas were hard to see a show as every seat is a dirty seat !
she was absolutely rude and i do n't know what she did !
the _num_ hour crowd here seems to be slow on occasion .
very busy but very slow service .
do not order take out or eat in sushi .
i have had a horrible experience every time from start to finish .
he is very rude and not caring for his customers .
if he has changed the prices , how could you not go ?
the staff is very rude and on the ball .
overall had that weird grease flavor that washed down the entire experience with beers.
i was a walk in and got helped right away .
if you sit in the bar they have the most incompetent bartender in town.
i would not recommend this shop .
their staff is not friendly and informative .
it is a very busy place , with lots to see and try .
they are super slow , very unprofessional , and amazingly quick .
i got my car detailed here and it looked like a mess !
dr. hall is so rude and condescending .
i had to box it up even , such a mess .
the food all looked bland .
the menudo here is terrible .
the crispy mango fish was just ok .
now the food , drinks , and desserts are not good .
the carne asada burrito was terrible .
this is the worst date night ever .
very limited selection of games to play .
the grilled artichokes were bland .
the adovada was hot but dry and the chocolate bread pudding was bland .
horrible and horrible way to start and end your day .
i was very disappointed and will definitely be back !
we were so screwed at bar that we made reservations at next door.
rude staff and manager .
i hate my cut and color and sage is horrible !
very limited spectrum of ages and races .
it was a saturday night and the food at their restaurant was horrible !
at no cost - avoid this place !
their steak & salsa burrito was very very small and really big too .
blue corn tacos with chicken were just ok.
plenty to eat and very little flavor .
i would n't return to the roaring fork !
it does not stay with you all day .
the hummus was ridiculously creamy and bland .
not a place for a romantic dinner !
the owner ignored us and treated us very poorly !
i can not say i am so sure we will be back to az.
the green chile mac and cheese was just ok .
i will not impact auto body .
poor quality , poor service .
however , i order the gyro sandwich every time and its the worst .
i would n't recommend this bakery !
i hate their food and their passion .
i hate this salon and the very talented stylist , angel .
they have a lot of choices for pizza lovers .
horrible price , bottom line .
homemade tortillas were soooooo bland !
the prices were the worst and worth it .
amateur food , poor service .
this was the worst customer service i have ever had !
this is the only one place in scottsdale casual dress is acceptable .
i was disappointed by the fact that they have fresh squeezed orange juice .
the octopus sashimi was bland .
this is a very disappointing location , especially because of teresa m. .
i was really disappointed with their service .
you get so much for the price and the food is bland and overpriced .
they are so bland and yummy .
the salads were fresh and cold .
